<?xml version="1.0" encoding="UTF-8"?>
<!-- Generated by org.testng.reporters.JUnitReportReporter -->
<testsuite hostname="DESKTOP-DQ56HI0" failures="0" tests="1" name="TestCase_DataDriven.TestCase_DeleteCall" time="3.137" errors="0" timestamp="2020-06-10T14:15:00 AEST" skipped="0">
  <testcase classname="TestCase_DataDriven.TestCase_DeleteCall" name="Test_DeleteCAll" time="3.137"/>
  <system-out/>
</testsuite> <!-- TestCase_DataDriven.TestCase_DeleteCall -->
