<?xml version="1.0" encoding="UTF-8"?>
<!-- Generated by org.testng.reporters.JUnitReportReporter -->
<testsuite hostname="DESKTOP-DQ56HI0" failures="0" tests="1" name="TestCase_Demo_RestAssured.RestAssured_GetCall_BDDFramework" time="5.497" errors="0" timestamp="2020-06-09T11:12:13 AEST" skipped="0">
  <testcase classname="TestCase_Demo_RestAssured.RestAssured_GetCall_BDDFramework" name="Test_GetCall_withBDD" time="5.497"/>
  <system-out/>
</testsuite> <!-- TestCase_Demo_RestAssured.RestAssured_GetCall_BDDFramework -->
