<?xml version="1.0" encoding="UTF-8"?>
<!-- Generated by org.testng.reporters.JUnitReportReporter -->
<testsuite hostname="DESKTOP-DQ56HI0" failures="0" tests="1" name="TestCase_With_LocalHost.RestAssured_GetCall" time="2.332" errors="0" timestamp="2020-06-09T15:22:09 AEST" skipped="0">
  <testcase classname="TestCase_With_LocalHost.RestAssured_GetCall" name="Test_GetCall_data" time="2.332"/>
  <system-out/>
</testsuite> <!-- TestCase_With_LocalHost.RestAssured_GetCall -->
