<?xml version="1.0" encoding="UTF-8"?>
<!-- Generated by org.testng.reporters.JUnitReportReporter -->
<testsuite hostname="DESKTOP-DQ56HI0" failures="0" tests="1" name="TestCase_With_LocalHost.RestAssured_PostCall" time="3.511" errors="0" timestamp="2020-06-09T15:11:12 AEST" skipped="0">
  <testcase classname="TestCase_With_LocalHost.RestAssured_PostCall" name="Test_PosstCall" time="3.511"/>
  <system-out/>
</testsuite> <!-- TestCase_With_LocalHost.RestAssured_PostCall -->
