<?xml version="1.0" encoding="UTF-8"?>
<!-- Generated by org.testng.reporters.JUnitReportReporter -->
<testsuite hostname="DESKTOP-DQ56HI0" failures="0" tests="1" name="TestCase_Demo_RestAssured.RestAssured_GetCall" time="4.997" errors="0" timestamp="2020-06-05T14:41:57 AEST" skipped="0">
  <testcase classname="TestCase_Demo_RestAssured.RestAssured_GetCall" name="Test_Reqres_GetCall" time="4.997"/>
  <system-out/>
</testsuite> <!-- TestCase_Demo_RestAssured.RestAssured_GetCall -->
