<?xml version="1.0" encoding="UTF-8"?>
<!-- Generated by org.testng.reporters.JUnitReportReporter -->
<testsuite hostname="DESKTOP-DQ56HI0" failures="0" tests="1" name="TestCase_With_LocalHost.RestAssured_DeleteCall" time="3.357" errors="0" timestamp="2020-06-09T15:17:16 AEST" skipped="0">
  <testcase classname="TestCase_With_LocalHost.RestAssured_DeleteCall" name="Test_DeleteCall" time="3.357"/>
  <system-out/>
</testsuite> <!-- TestCase_With_LocalHost.RestAssured_DeleteCall -->
