<?xml version="1.0" encoding="UTF-8"?>
<!-- Generated by org.testng.reporters.JUnitReportReporter -->
<testsuite hostname="DESKTOP-DQ56HI0" failures="0" tests="1" name="TestCase_DataDriven.TestCase_PostCall_DataProvider" time="3.107" errors="0" timestamp="2020-07-02T14:25:35 AEST" skipped="0">
  <testcase classname="TestCase_DataDriven.TestCase_PostCall_DataProvider" name="Test_PostCall" time="3.107"/>
  <system-out/>
</testsuite> <!-- TestCase_DataDriven.TestCase_PostCall_DataProvider -->
