<?xml version="1.0" encoding="UTF-8"?>
<!-- Generated by org.testng.reporters.JUnitReportReporter -->
<testsuite hostname="DESKTOP-DQ56HI0" failures="0" tests="1" name="TestCase_Demo_RestAssured.RestAssured_DeleteCall" time="5.133" errors="0" timestamp="2020-06-09T13:14:30 AEST" skipped="0">
  <testcase classname="TestCase_Demo_RestAssured.RestAssured_DeleteCall" name="Test_deleteCall" time="5.133"/>
  <system-out/>
</testsuite> <!-- TestCase_Demo_RestAssured.RestAssured_DeleteCall -->
