<?xml version="1.0" encoding="UTF-8"?>
<!-- Generated by org.testng.reporters.JUnitReportReporter -->
<testsuite hostname="DESKTOP-DQ56HI0" failures="0" tests="1" name="TestCase_Demo_RestAssured.RestAssured_PostCall" time="5.596" errors="0" timestamp="2020-06-09T12:02:59 AEST" skipped="0">
  <testcase classname="TestCase_Demo_RestAssured.RestAssured_PostCall" name="Test_PostCall" time="5.596"/>
  <system-out/>
</testsuite> <!-- TestCase_Demo_RestAssured.RestAssured_PostCall -->
